(c) Copyright IBM Corporation 1993,2007
Command Line Processor for DB2 Client 11.5.4.0

You can issue database manager commands and SQL statements from the command 
prompt. For example:
    db2 => connect to sample
    db2 => bind sample.bnd

For general help, type: ?.
For command help, type: ? command, where command can be
the first few keywords of a database manager command. For example:
 ? CATALOG DATABASE for help on the CATALOG DATABASE command
 ? CATALOG          for help on all of the CATALOG commands.

To exit db2 interactive mode, type QUIT at the command prompt. Outside 
interactive mode, all commands must be prefixed with 'db2'.
To list the current command option settings, type LIST COMMAND OPTIONS.

For more detailed help, refer to the Online Reference Manual.

db2 => db2 => db2 => db2 => db2 => CONNECT TO cs421

   Database Connection Information

 Database server        = DB2/LINUXX8664 11.5.4.0
 SQL authorization ID   = JZHOU70
 Local database alias   = CS421


db2 => db2 => db2 => db2 => db2 (cont.) => db2 (cont.) => db2 (cont.) => db2 (cont.) => db2 (cont.) => db2 (cont.) => INSERT INTO health_institutions(hname, email, phone, website, address, hi_id) VALUES ('Lac-Saint-Louis', 'LacSaintLouis@teleworm.us', '416-722-5701', 'DumpJokes.ca','4845 Bayfield St, Stouffville, ON L4A 1T2', 2001) ,('Credit Birth center', 'CreditBirthCenter@rhyta.com',	'905-815-0047',	'SaltLakeCityResales.ca', '4029 Silver Springs Blvd, Calgary, AB T3E 0K6', 2002) ,('Blossom Valley Clinic', 'BlossomValley@dayrep.com', '450-612-6782', 'FareReview.ca',	'1750 Royal Avenue, New Westminster, BC V3L 5H1', 2003) ,('Publishing Birth center', 'PunlishingBirthCenter@armyspy.com', '403-346-0974', 'InvitationTracker.ca', '2665 Goyeau Ave, Windsor, ON N9A 1H9', 2004) ,('Goddess Birth center', 'GoddessBIrthCenter@rhyta.com', '519-821-9741', 'MormonVoice.ca',	'4243 Sherbrooke Ouest, Montreal, QC H4A 1H3', 2005)
DB20000I  The SQL command completed successfully.

db2 => db2 => INSERT INTO clinics(hi_id) VALUES (2001), (2003)
DB20000I  The SQL command completed successfully.

db2 => INSERT INTO birth_centers(hi_id) VALUES (2002), (2004), (2005)
DB20000I  The SQL command completed successfully.

db2 => db2 => db2 (cont.) => db2 (cont.) => db2 (cont.) => db2 (cont.) => db2 (cont.) => db2 (cont.) => db2 (cont.) => db2 (cont.) => INSERT INTO midwives(name, email, phone, practitioner_id, hi_id) VALUES ('Dominga Thomas', 'DomingaJThomas@armyspy.com', '204-975-3312', 1001, 2001) ,('Kate Weiner', 'KateGWeiner@dayrep.com', '250-674-1510', 1002, 2002) ,('Pat Cola', 'PatPCola@teleworm.us', '613-478-3242', 1003, 2003) ,('Shemika Urbanski', 'ShemikaSUrbanski@dayrep.com',	'819-622-7549', 1004, 2003) ,('Betty Rea', 'BettyLRea@armyspy.com',	'519-990-0990',	1005, 2004) ,('Marion Girard', 'MarionGirard@dayrep.com', '250-361-2697', 1006, 2005) ,('Lisa Neal', 'LisaJNeal@jourrapide.com', '514-757-5465', 1007, 2001)
DB20000I  The SQL command completed successfully.

db2 => db2 => db2 (cont.) => db2 (cont.) => db2 (cont.) => db2 (cont.) => db2 (cont.) => db2 (cont.) => INSERT INTO mothers(mname, hcardid, dateofbirth, address, phone, profession, blood_type) VALUES ('Violet Turner', 4775, DATE '1985-10-19', '1245 St. John Street, Allan, SK S4P 3Y2', '306-257-4047', 'Boiler mechanic', 'A') ,('Candice Head', 8128,  DATE '1988-12-20', '716 rue Fournier, Mascouche, QC J7K 1T3', '450-966-8846', 'Mortgage banker', 'O') , ('Maria Nelson', 7539, DATE '1995-07-30', '1202 Eagle Rd, Toronto, ON M8Z 4H4', '416-734-7131', 'Econometrician', 'B') ,('Tracy Herrera', 7530, DATE '1992-01-25', '1740 Roger Street, Port Alberni, BC V9Y 4M8', '250-266-7937', 'Heat treating equipment setter', 'O') ,('Victoria Gutierrez', 4643, DATE '1995-10-26', '1972 Ross Street, Perth, ON K7H 3C7', '613-464-9370', 'Civil service clerk', 'A')
DB20000I  The SQL command completed successfully.

db2 => db2 => db2 (cont.) => db2 (cont.) => db2 (cont.) => db2 (cont.) => db2 (cont.) => INSERT INTO fathers(father_id, fname, hcardid, dateofbirth, address, phone, profession, blood_type) VALUES (3001, 'Derek Brooks', 6341, DATE '1990-12-15', '3702 Bloor Street, Killam, AB T0B 2L0', '780-385-5160', 'Metallurgical engineer', 'O') ,(3002, 'William Banister', 7037, DATE '1988-06-13', '716 rue Fournier, Mascouche, QC J7K 1T3', '416-867-0917', 'Ordnance handling expert', 'A') ,(3003, 'Rudy Loring', 7965, DATE '1994-05-22', '1202 Eagle Rd, Toronto, ON M8Z 4H4', '250-763-9413', 'Composing machine tender', 'A') ,(3005, 'Glenn T. Robinson', 4507, DATE '1987-01-04', '1245 St. John Street, Allan, SK S4P 3Y2', '416-445-0507', 'Professional sports scout', 'A')
DB20000I  The SQL command completed successfully.

db2 => db2 => db2 (cont.) => db2 (cont.) => INSERT INTO fathers(father_id, fname, dateofbirth, phone, profession, blood_type) VALUES (3004, 'Andrew S. Gunter', DATE '1982-09-12', '519-475-7059', 'General and operations manager', 'B')
DB20000I  The SQL command completed successfully.

db2 => db2 => db2 (cont.) => db2 (cont.) => db2 (cont.) => db2 (cont.) => db2 (cont.) => db2 (cont.) => INSERT INTO parents(parent_id, hcardid, father_id) VALUES (4001, 7530, 3001) ,(4002, 8128, 3002) ,(4003, 7539, 3003) ,(4004, 4643, 3004) ,(4005, 4643, 3005)
DB20000I  The SQL command completed successfully.

db2 => db2 => db2 (cont.) => db2 (cont.) => db2 (cont.) => db2 (cont.) => db2 (cont.) => db2 (cont.) => db2 (cont.) => INSERT INTO pregnancies(pregnancy_num, parent_id, expdueym, lmpdued, usounddued, estdued, interested, homebirth, primary_practitioner_id, backup_practitioner_id, hi_id) VALUES (1, 4001, DATE '2022-05-01', DATE '2022-05-21', DATE '2022-05-11', DATE '2022-05-21', 'yes', 'yes', 1001, 1002, 2002) ,(1, 4003, DATE '2022-06-01', DATE '2022-05-05', DATE '2022-06-25', DATE '2022-07-25', 'yes', 'yes', 1003, 1004, 2005) , (1, 4004, DATE '2022-07-01',DATE '2022-07-26', DATE '2022-07-16', DATE '2022-07-16', 'yes', 'yes', 1004, 1005, 2002) ,(1, 4005, DATE '2020-04-01', DATE '2020-04-25', DATE '2020-04-14', DATE '2020-04-25', 'yes', 'yes', 1005, 1006, 2005) ,(2, 4005, DATE '2022-06-01', DATE '2022-07-01', DATE '2022-07-05', DATE '2022-07-01', 'yes', 'yes', 1006, 1001, 2004)
DB20000I  The SQL command completed successfully.

db2 => db2 => db2 (cont.) => db2 (cont.) => db2 (cont.) => INSERT INTO pregnancies(pregnancy_num, parent_id, expdueym, interested, homebirth, primary_practitioner_id, backup_practitioner_id, hi_id) VALUES (1, 4002, DATE '2022-07-01', 'yes', 'no', 1002, 1003, 2004)
DB20000I  The SQL command completed successfully.

db2 => db2 => db2 (cont.) => db2 (cont.) => db2 (cont.) => db2 (cont.) => db2 (cont.) => db2 (cont.) => INSERT INTO appointments(a_id, date, time, pregnancy_num, parent_id, practitioner_id, hi_id) VALUES (5001, DATE '2022-03-25', TIME '13:10', 1, 4001, 1001, 2002) ,(5002, DATE '2022-02-05', TIME '10:10', 1, 4002, 1003, 2004) ,(5003, DATE '2022-01-06', TIME '11:25', 1, 4003, 1003, 2005) ,(5004, DATE '2020-03-22', TIME '15:45', 1, 4005, 1005, 2002) ,(5005, DATE '2022-03-23', TIME '14:00', 2, 4005, 1006, 2005)
DB20000I  The SQL command completed successfully.

db2 => db2 => db2 (cont.) => db2 (cont.) => db2 (cont.) => db2 (cont.) => db2 (cont.) => db2 (cont.) => INSERT INTO notes(a_id, time, content) VALUES (5001, TIME '13:13', 'prescribed blood iron test') ,(5002, TIME '10:16', 'prescribed NIPT test') ,(5003, TIME '11:34', 'decided final estimated date') ,(5004, TIME '15:46', 'prescribed blood iron test') ,(5005, TIME '14:25', 'first meeting')
DB20000I  The SQL command completed successfully.

db2 => db2 => db2 (cont.) => db2 (cont.) => db2 (cont.) => db2 (cont.) => db2 (cont.) => db2 (cont.) => INSERT INTO info_sessions(is_id, date, time, language, practitioner_id) VALUES (6001, DATE '2021-12-20', TIME '14:00', 'English', 1001) ,(6002, DATE '2022-01-10', TIME '15:25', 'English', 1002) ,(6003, DATE '2022-01-10', TIME '10:05', 'French', 1003) ,(6004, DATE '2022-02-02', TIME '11:10', 'English', 1001) ,(6005, DATE '2021-12-29', TIME '14:00', 'French', 1004)
DB20000I  The SQL command completed successfully.

db2 => db2 => db2 (cont.) => db2 (cont.) => db2 (cont.) => db2 (cont.) => db2 (cont.) => db2 (cont.) => INSERT INTO info_session_registration(is_id, parent_id, attendance) VALUES (6001, 4001, 'yes') ,(6002, 4002, 'no') ,(6003, 4003, 'yes') ,(6004, 4004, 'yes') ,(6005, 4005, 'no')
DB20000I  The SQL command completed successfully.

db2 => db2 => db2 (cont.) => db2 (cont.) => db2 (cont.) => INSERT INTO babies(baby_id, dateofbirth, timeofbirth, gender, blood_type, bname, pregnancy_num, parent_id) VALUES (7005, DATE '2020-04-25', TIME '15:34', 'female', 'A', 'Norma Robinson', 1, 4005)
DB20000I  The SQL command completed successfully.

db2 => db2 => db2 (cont.) => db2 (cont.) => INSERT INTO babies(baby_id, gender, blood_type, pregnancy_num, parent_id) VALUES (7001, 'male', 'O', 1, 4001)
DB20000I  The SQL command completed successfully.

db2 => db2 => db2 (cont.) => db2 (cont.) => db2 (cont.) => db2 (cont.) => db2 (cont.) => INSERT INTO babies(baby_id, gender, blood_type, bname, pregnancy_num, parent_id) VALUES (7002, 'male', 'O', 'Edward Banister', 1, 4002) ,(7003, 'female', 'O', 'Elva Banister', 1, 4002) ,(7004, 'female', 'B', 'Brent Loring', 1, 4003) ,(7006, 'female', 'B', 'Leona Robinson', 2, 4005)
DB20000I  The SQL command completed successfully.

db2 => db2 => db2 (cont.) => db2 (cont.) => db2 (cont.) => db2 (cont.) => db2 (cont.) => db2 (cont.) => INSERT INTO technicians(tech_id, tname, phone) VALUES (8001, 'Sophia Garza', '519-741-6599') ,(8002, 'Lori Pittman', '250-481-0510') ,(8003, 'Dawn Frazio', '905-379-5120') ,(8004, 'Michael Medina', '905-214-4783') ,(8005, 'Garrett Estepp', '905-642-9937')
DB20000I  The SQL command completed successfully.

db2 => db2 => db2 (cont.) => db2 (cont.) => db2 (cont.) => db2 (cont.) => db2 (cont.) => db2 (cont.) => db2 (cont.) => INSERT INTO tests(test_id, type, prescribed_date, sample_date, lab_date, result, pregnancy_num, parent_id, practitioner_id, baby_id, tech_id) VALUES (9001, 'blood iron', DATE '2021-11-23', DATE '2021-11-27', DATE '2021-11-30', 'mother blood test: O', 1, 4001, 1001, 7003, 8001) ,(9002, 'NIPT', DATE '2022-02-26', DATE '2022-03-05', DATE '2022-03-06', 'baby gender: male', 1, 4002, 1002, 7004, 8002) ,(9003, 'blood iron', DATE '2022-12-12', DATE '2022-12-16', DATE '2022-12-18', 'father blood test: A', 1, 4003, 1003, 7005,	8003) ,(9004, 'dating ultrasound', DATE '2020-01-21', DATE '2020-01-29', DATE '2020-02-01', 'expected due date: 2020-04-14', 1, 4005, 1005, 7002,	8004) ,(9005, 'blood iron', DATE '2021-10-14', DATE '2021-10-28', DATE '2021-10-28', 'mother blood test: A', 2, 4005, 1006, 7001,	8005)
DB20000I  The SQL command completed successfully.

db2 => db2 => 